Start testing: Apr 16 11:57 India Standard Time
----------------------------------------------------------
1/1 Testing: ExampleTests
1/1 Test: ExampleTests
Command: "C:/Users/Kavian/Documents/Vsc_GTest/build-vscode/test/Debug/ExampleTests.exe"
Directory: C:/Users/Kavian/Documents/Vsc_GTest/build-vscode/test
"ExampleTests" start time: Apr 16 11:57 India Standard Time
Output:
----------------------------------------------------------
Running main() from C:\Users\Kavian\Documents\Vsc_GTest\googletest\googletest\src\gtest_main.cc
[==========] Running 3 tests from 3 test suites.
[----------] Global test environment set-up.
[----------] 1 test from ExampleTest
[ RUN      ] ExampleTest.DemostrateGTestMacros
[       OK ] ExampleTest.DemostrateGTestMacros (0 ms)
[----------] 1 test from ExampleTest (0 ms total)

[----------] 1 test from ExampleTests
[ RUN      ] ExampleTests.SQUARE
[       OK ] ExampleTests.SQUARE (0 ms)
[----------] 1 test from ExampleTests (0 ms total)

[----------] 1 test from chk_arr
[ RUN      ] chk_arr.ARC
[       OK ] chk_arr.ARC (0 ms)
[----------] 1 test from chk_arr (0 ms total)

[----------] Global test environment tear-down
[==========] 3 tests from 3 test suites ran. (0 ms total)
[  PASSED  ] 3 tests.
<end of output>
Test time =   0.04 sec
----------------------------------------------------------
Test Passed.
"ExampleTests" end time: Apr 16 11:57 India Standard Time
"ExampleTests" time elapsed: 00:00:00
----------------------------------------------------------

End testing: Apr 16 11:57 India Standard Time
